c:\users\gary\desktop\coursework\coursework\debug\vc120.pdb
c:\users\gary\desktop\coursework\coursework\debug\vc120.idb
c:\users\gary\desktop\coursework\coursework\debug\cfont.obj
c:\users\gary\desktop\coursework\coursework\debug\cfontmgr.obj
c:\users\gary\desktop\coursework\coursework\debug\cinputmgr.obj
c:\users\gary\desktop\coursework\coursework\debug\csound.obj
c:\users\gary\desktop\coursework\coursework\debug\csoundmgr.obj
c:\users\gary\desktop\coursework\coursework\debug\csprite.obj
c:\users\gary\desktop\coursework\coursework\debug\ctexture.obj
c:\users\gary\desktop\coursework\coursework\debug\cwndmanager.obj
c:\users\gary\desktop\coursework\coursework\debug\main.obj
c:\users\gary\desktop\coursework\coursework\debug\mainmenu.obj
c:\users\gary\desktop\coursework\coursework\debug\player.obj
c:\users\gary\desktop\coursework\coursework\debug\tile.obj
c:\users\gary\desktop\coursework\coursework\debug\windowogl.obj
c:\users\gary\desktop\coursework\coursework\debug\world.obj
c:\users\gary\desktop\coursework\debug\coursework.ilk
c:\users\gary\desktop\coursework\debug\coursework.exe
c:\users\gary\desktop\coursework\debug\coursework.pdb
c:\users\gary\desktop\coursework\coursework\debug\coursework.res
c:\users\gary\desktop\coursework\coursework\debug\coursework.tlog\cl.command.1.tlog
c:\users\gary\desktop\coursework\coursework\debug\coursework.tlog\cl.read.1.tlog
c:\users\gary\desktop\coursework\coursework\debug\coursework.tlog\cl.write.1.tlog
c:\users\gary\desktop\coursework\coursework\debug\coursework.tlog\link.command.1.tlog
c:\users\gary\desktop\coursework\coursework\debug\coursework.tlog\link.read.1.tlog
c:\users\gary\desktop\coursework\coursework\debug\coursework.tlog\link.write.1.tlog
c:\users\gary\desktop\coursework\coursework\debug\coursework.tlog\rc.command.1.tlog
c:\users\gary\desktop\coursework\coursework\debug\coursework.tlog\rc.read.1.tlog
c:\users\gary\desktop\coursework\coursework\debug\coursework.tlog\rc.write.1.tlog
